C:\USERS\Алексей\DOCUMENTS\GITHUB\OOP_2022\GULIN OOP 2022\DEBUG\.NETFRAMEWORK,VERSION=V4.0.ASSEMBLYATTRIBUTES.OBJ
C:\USERS\АЛЕКСЕЙ\DOCUMENTS\GITHUB\OOP_2022\GULIN OOP 2022\DEBUG\ADD_ORDER.OBJ
C:\USERS\Алексей\DOCUMENTS\GITHUB\OOP_2022\GULIN OOP 2022\DEBUG\ADD_RATE.OBJ
C:\USERS\АЛЕКСЕЙ\DOCUMENTS\GITHUB\OOP_2022\GULIN OOP 2022\DEBUG\ADD_WORKER.OBJ
C:\USERS\Алексей\DOCUMENTS\GITHUB\OOP_2022\GULIN OOP 2022\DEBUG\APP.RES
C:\USERS\АЛЕКСЕЙ\DOCUMENTS\GITHUB\OOP_2022\GULIN OOP 2022\DEBUG\ASSEMBLYINFO.OBJ
C:\Users\Алексей\Documents\GitHub\OOP_2022\Gulin OOP 2022\Debug\cl.command.1.tlog
C:\Users\Алексей\Documents\GitHub\OOP_2022\Gulin OOP 2022\Debug\CL.read.1.tlog
C:\Users\Алексей\Documents\GitHub\OOP_2022\Gulin OOP 2022\Debug\CL.write.1.tlog
C:\USERS\АЛЕКСЕЙ\DOCUMENTS\GITHUB\OOP_2022\GULIN OOP 2022\DEBUG\CLASSES.OBJ
C:\USERS\Алексей\DOCUMENTS\GITHUB\OOP_2022\GULIN OOP 2022\DEBUG\COMPLETE_THE_ORDER.OBJ
C:\USERS\Алексей\DOCUMENTS\GITHUB\OOP_2022\GULIN OOP 2022\DEBUG\GET_COST.OBJ
C:\USERS\Алексей\DOCUMENTS\GITHUB\OOP_2022\GULIN OOP 2022\DEBUG\GULIN OOP 2022.EXE
C:\USERS\Алексей\DOCUMENTS\GITHUB\OOP_2022\GULIN OOP 2022\DEBUG\GULIN OOP 2022.EXE.INTERMEDIATE.MANIFEST
C:\USERS\Алексей\DOCUMENTS\GITHUB\OOP_2022\GULIN OOP 2022\DEBUG\GULIN OOP 2022.ILK
C:\USERS\Алексей\DOCUMENTS\GITHUB\OOP_2022\GULIN OOP 2022\DEBUG\GULIN OOP 2022.OBJ
C:\USERS\Алексей\DOCUMENTS\GITHUB\OOP_2022\GULIN OOP 2022\DEBUG\GULIN OOP 2022.PCH
C:\USERS\АЛЕКСЕЙ\DOCUMENTS\GITHUB\OOP_2022\GULIN OOP 2022\DEBUG\GULIN OOP 2022.PDB
C:\Users\Алексей\Documents\GitHub\OOP_2022\Gulin OOP 2022\Debug\Gulin OOP 2022.vcxproj.GenerateResource.Cache
C:\Users\Алексей\Documents\GitHub\OOP_2022\Gulin OOP 2022\Debug\Gulin OOP 2022.vcxprojResolveAssemblyReference.cache
C:\Users\Алексей\Documents\GitHub\OOP_2022\Gulin OOP 2022\Debug\Gulin OOP 2022.write.1.tlog
C:\Users\Алексей\Documents\GitHub\OOP_2022\Gulin OOP 2022\Debug\GulinOOP2022.Add_Order.resources
C:\Users\Алексей\Documents\GitHub\OOP_2022\Gulin OOP 2022\Debug\GulinOOP2022.Add_Rate.resources
C:\Users\Алексей\Documents\GitHub\OOP_2022\Gulin OOP 2022\Debug\GulinOOP2022.Add_Worker.resources
C:\Users\Алексей\Documents\GitHub\OOP_2022\Gulin OOP 2022\Debug\GulinOOP2022.Complete_the_Order.resources
C:\Users\Алексей\Documents\GitHub\OOP_2022\Gulin OOP 2022\Debug\GulinOOP2022.Form1.resources
C:\Users\Алексей\Documents\GitHub\OOP_2022\Gulin OOP 2022\Debug\GulinOOP2022.Get_Cost.resources
C:\Users\Алексей\Documents\GitHub\OOP_2022\Gulin OOP 2022\Debug\GulinOOP2022.Orders_View.resources
C:\Users\Алексей\Documents\GitHub\OOP_2022\Gulin OOP 2022\Debug\GulinOOP2022.Rates_View.resources
C:\Users\Алексей\Documents\GitHub\OOP_2022\Gulin OOP 2022\Debug\GulinOOP2022.Transactions_View.resources
C:\Users\Алексей\Documents\GitHub\OOP_2022\Gulin OOP 2022\Debug\GulinOOP2022.Workers_View.resources
C:\Users\Алексей\Documents\GitHub\OOP_2022\Gulin OOP 2022\Debug\link.45020.read.1.tlog
C:\Users\Алексей\Documents\GitHub\OOP_2022\Gulin OOP 2022\Debug\link.45020.write.1.tlog
C:\Users\Алексей\Documents\GitHub\OOP_2022\Gulin OOP 2022\Debug\link.45020-cvtres.read.1.tlog
C:\Users\Алексей\Documents\GitHub\OOP_2022\Gulin OOP 2022\Debug\link.45020-cvtres.write.1.tlog
C:\Users\Алексей\Documents\GitHub\OOP_2022\Gulin OOP 2022\Debug\link.51840.read.1.tlog
C:\Users\Алексей\Documents\GitHub\OOP_2022\Gulin OOP 2022\Debug\link.51840.write.1.tlog
C:\Users\Алексей\Documents\GitHub\OOP_2022\Gulin OOP 2022\Debug\link.51840-cvtres.read.1.tlog
C:\Users\Алексей\Documents\GitHub\OOP_2022\Gulin OOP 2022\Debug\link.51840-cvtres.write.1.tlog
C:\Users\Алексей\Documents\GitHub\OOP_2022\Gulin OOP 2022\Debug\link.60724.read.1.tlog
C:\Users\Алексей\Documents\GitHub\OOP_2022\Gulin OOP 2022\Debug\link.60724.write.1.tlog
C:\Users\Алексей\Documents\GitHub\OOP_2022\Gulin OOP 2022\Debug\link.60724-cvtres.read.1.tlog
C:\Users\Алексей\Documents\GitHub\OOP_2022\Gulin OOP 2022\Debug\link.60724-cvtres.write.1.tlog
C:\Users\Алексей\Documents\GitHub\OOP_2022\Gulin OOP 2022\Debug\link.61188.read.1.tlog
C:\Users\Алексей\Documents\GitHub\OOP_2022\Gulin OOP 2022\Debug\link.61188.write.1.tlog
C:\Users\Алексей\Documents\GitHub\OOP_2022\Gulin OOP 2022\Debug\link.61188-cvtres.read.1.tlog
C:\Users\Алексей\Documents\GitHub\OOP_2022\Gulin OOP 2022\Debug\link.61188-cvtres.write.1.tlog
C:\Users\Алексей\Documents\GitHub\OOP_2022\Gulin OOP 2022\Debug\link.63328.read.1.tlog
C:\Users\Алексей\Documents\GitHub\OOP_2022\Gulin OOP 2022\Debug\link.63328.write.1.tlog
C:\Users\Алексей\Documents\GitHub\OOP_2022\Gulin OOP 2022\Debug\link.63328-cvtres.read.1.tlog
C:\Users\Алексей\Documents\GitHub\OOP_2022\Gulin OOP 2022\Debug\link.63328-cvtres.write.1.tlog
C:\Users\Алексей\Documents\GitHub\OOP_2022\Gulin OOP 2022\Debug\link.63992.read.1.tlog
C:\Users\Алексей\Documents\GitHub\OOP_2022\Gulin OOP 2022\Debug\link.63992.write.1.tlog
C:\Users\Алексей\Documents\GitHub\OOP_2022\Gulin OOP 2022\Debug\link.63992-cvtres.read.1.tlog
C:\Users\Алексей\Documents\GitHub\OOP_2022\Gulin OOP 2022\Debug\link.63992-cvtres.write.1.tlog
C:\Users\Алексей\Documents\GitHub\OOP_2022\Gulin OOP 2022\Debug\link.67084.read.1.tlog
C:\Users\Алексей\Documents\GitHub\OOP_2022\Gulin OOP 2022\Debug\link.67084.write.1.tlog
C:\Users\Алексей\Documents\GitHub\OOP_2022\Gulin OOP 2022\Debug\link.67084-cvtres.read.1.tlog
C:\Users\Алексей\Documents\GitHub\OOP_2022\Gulin OOP 2022\Debug\link.67084-cvtres.write.1.tlog
C:\Users\Алексей\Documents\GitHub\OOP_2022\Gulin OOP 2022\Debug\link.67800.read.1.tlog
C:\Users\Алексей\Documents\GitHub\OOP_2022\Gulin OOP 2022\Debug\link.67800.write.1.tlog
C:\Users\Алексей\Documents\GitHub\OOP_2022\Gulin OOP 2022\Debug\link.67800-cvtres.read.1.tlog
C:\Users\Алексей\Documents\GitHub\OOP_2022\Gulin OOP 2022\Debug\link.67800-cvtres.write.1.tlog
C:\Users\Алексей\Documents\GitHub\OOP_2022\Gulin OOP 2022\Debug\link.67860.read.1.tlog
C:\Users\Алексей\Documents\GitHub\OOP_2022\Gulin OOP 2022\Debug\link.67860.write.1.tlog
C:\Users\Алексей\Documents\GitHub\OOP_2022\Gulin OOP 2022\Debug\link.67860-cvtres.read.1.tlog
C:\Users\Алексей\Documents\GitHub\OOP_2022\Gulin OOP 2022\Debug\link.67860-cvtres.write.1.tlog
C:\Users\Алексей\Documents\GitHub\OOP_2022\Gulin OOP 2022\Debug\link.68188.read.1.tlog
C:\Users\Алексей\Documents\GitHub\OOP_2022\Gulin OOP 2022\Debug\link.68188.write.1.tlog
C:\Users\Алексей\Documents\GitHub\OOP_2022\Gulin OOP 2022\Debug\link.68188-cvtres.read.1.tlog
C:\Users\Алексей\Documents\GitHub\OOP_2022\Gulin OOP 2022\Debug\link.68188-cvtres.write.1.tlog
C:\Users\Алексей\Documents\GitHub\OOP_2022\Gulin OOP 2022\Debug\link.68432.read.1.tlog
C:\Users\Алексей\Documents\GitHub\OOP_2022\Gulin OOP 2022\Debug\link.68432.write.1.tlog
C:\Users\Алексей\Documents\GitHub\OOP_2022\Gulin OOP 2022\Debug\link.68432-cvtres.read.1.tlog
C:\Users\Алексей\Documents\GitHub\OOP_2022\Gulin OOP 2022\Debug\link.68432-cvtres.write.1.tlog
C:\Users\Алексей\Documents\GitHub\OOP_2022\Gulin OOP 2022\Debug\link.69644.read.1.tlog
C:\Users\Алексей\Documents\GitHub\OOP_2022\Gulin OOP 2022\Debug\link.69644.write.1.tlog
C:\Users\Алексей\Documents\GitHub\OOP_2022\Gulin OOP 2022\Debug\link.69644-cvtres.read.1.tlog
C:\Users\Алексей\Documents\GitHub\OOP_2022\Gulin OOP 2022\Debug\link.69644-cvtres.write.1.tlog
C:\Users\Алексей\Documents\GitHub\OOP_2022\Gulin OOP 2022\Debug\link.69748.read.1.tlog
C:\Users\Алексей\Documents\GitHub\OOP_2022\Gulin OOP 2022\Debug\link.69748.write.1.tlog
C:\Users\Алексей\Documents\GitHub\OOP_2022\Gulin OOP 2022\Debug\link.69748-cvtres.read.1.tlog
C:\Users\Алексей\Documents\GitHub\OOP_2022\Gulin OOP 2022\Debug\link.69748-cvtres.write.1.tlog
C:\Users\Алексей\Documents\GitHub\OOP_2022\Gulin OOP 2022\Debug\link.70960.read.1.tlog
C:\Users\Алексей\Documents\GitHub\OOP_2022\Gulin OOP 2022\Debug\link.70960.write.1.tlog
C:\Users\Алексей\Documents\GitHub\OOP_2022\Gulin OOP 2022\Debug\link.70960-cvtres.read.1.tlog
C:\Users\Алексей\Documents\GitHub\OOP_2022\Gulin OOP 2022\Debug\link.70960-cvtres.write.1.tlog
C:\Users\Алексей\Documents\GitHub\OOP_2022\Gulin OOP 2022\Debug\link.70972.read.1.tlog
C:\Users\Алексей\Documents\GitHub\OOP_2022\Gulin OOP 2022\Debug\link.70972.write.1.tlog
C:\Users\Алексей\Documents\GitHub\OOP_2022\Gulin OOP 2022\Debug\link.70972-cvtres.read.1.tlog
C:\Users\Алексей\Documents\GitHub\OOP_2022\Gulin OOP 2022\Debug\link.70972-cvtres.write.1.tlog
C:\Users\Алексей\Documents\GitHub\OOP_2022\Gulin OOP 2022\Debug\link.71176.read.1.tlog
C:\Users\Алексей\Documents\GitHub\OOP_2022\Gulin OOP 2022\Debug\link.71176.write.1.tlog
C:\Users\Алексей\Documents\GitHub\OOP_2022\Gulin OOP 2022\Debug\link.71176-cvtres.read.1.tlog
C:\Users\Алексей\Documents\GitHub\OOP_2022\Gulin OOP 2022\Debug\link.71176-cvtres.write.1.tlog
C:\Users\Алексей\Documents\GitHub\OOP_2022\Gulin OOP 2022\Debug\link.71552.read.1.tlog
C:\Users\Алексей\Documents\GitHub\OOP_2022\Gulin OOP 2022\Debug\link.71552.write.1.tlog
C:\Users\Алексей\Documents\GitHub\OOP_2022\Gulin OOP 2022\Debug\link.71552-cvtres.read.1.tlog
C:\Users\Алексей\Documents\GitHub\OOP_2022\Gulin OOP 2022\Debug\link.71552-cvtres.write.1.tlog
C:\Users\Алексей\Documents\GitHub\OOP_2022\Gulin OOP 2022\Debug\link.command.1.tlog
C:\Users\Алексей\Documents\GitHub\OOP_2022\Gulin OOP 2022\Debug\link.read.1.tlog
C:\Users\Алексей\Documents\GitHub\OOP_2022\Gulin OOP 2022\Debug\link.write.1.tlog
C:\Users\Алексей\Documents\GitHub\OOP_2022\Gulin OOP 2022\Debug\mt.command.1.tlog
C:\Users\Алексей\Documents\GitHub\OOP_2022\Gulin OOP 2022\Debug\mt.read.1.tlog
C:\Users\Алексей\Documents\GitHub\OOP_2022\Gulin OOP 2022\Debug\mt.write.1.tlog
C:\USERS\Алексей\DOCUMENTS\GITHUB\OOP_2022\GULIN OOP 2022\DEBUG\ORDERS_VIEW.OBJ
C:\USERS\Алексей\DOCUMENTS\GITHUB\OOP_2022\GULIN OOP 2022\DEBUG\RATES_VIEW.OBJ
C:\Users\Алексей\Documents\GitHub\OOP_2022\Gulin OOP 2022\Debug\rc.command.1.tlog
C:\Users\Алексей\Documents\GitHub\OOP_2022\Gulin OOP 2022\Debug\rc.read.1.tlog
C:\Users\Алексей\Documents\GitHub\OOP_2022\Gulin OOP 2022\Debug\rc.write.1.tlog
C:\USERS\Алексей\DOCUMENTS\GITHUB\OOP_2022\GULIN OOP 2022\DEBUG\STDAFX.OBJ
C:\USERS\Алексей\DOCUMENTS\GITHUB\OOP_2022\GULIN OOP 2022\DEBUG\TRANSACTIONS_VIEW.OBJ
C:\USERS\АЛЕКСЕЙ\DOCUMENTS\GITHUB\OOP_2022\GULIN OOP 2022\DEBUG\VC100.PDB
C:\USERS\Алексей\DOCUMENTS\GITHUB\OOP_2022\GULIN OOP 2022\DEBUG\WORKERS_VIEW.OBJ
