Построение начато 05.04.2022 1:17:23.
     1>Проект "C:\Users\Алексей\Documents\GitHub\OOP_2022\Gulin OOP 2022\Gulin OOP 2022.vcxproj" в узле 2 (целевые объекты build).
     1>InitializeBuildStatus:
         Создание "Debug\Gulin OOP 2022.unsuccessfulbuild", так как было задано "AlwaysCreate".
       GenerateTargetFrameworkMonikerAttribute:
       Целевой объект "GenerateTargetFrameworkMonikerAttribute" пропускается, так как все выходные файлы актуальны по отношению к входным.
       ClCompile:
         Для всех выходных данных обновления не требуется.
         C:\Program Files (x86)\Microsoft Visual Studio 10.0\VC\bin\CL.exe /c /AI"C:\Program Files (x86)\Reference Assemblies\Microsoft\Framework\.NETFramework\v4.0" /Zi /clr:pure /nologo /W3 /WX- /Od /Oy- /D WIN32 /D _DEBUG /D _UNICODE /D UNICODE /EHa /MDd /GS /fp:precise /Zc:wchar_t /Zc:forScope /Yu"StdAfx.h" /Fp"Debug\Gulin OOP 2022.pch" /Fo"Debug\\" /Fd"Debug\vc100.pdb" /TP /FU"C:\Program Files (x86)\Reference Assemblies\Microsoft\Framework\.NETFramework\v4.0\System.Core.dll" /FU"C:\Program Files (x86)\Reference Assemblies\Microsoft\Framework\.NETFramework\v4.0\System.Data.dll" /FU"C:\Program Files (x86)\Reference Assemblies\Microsoft\Framework\.NETFramework\v4.0\System.dll" /FU"C:\Program Files (x86)\Reference Assemblies\Microsoft\Framework\.NETFramework\v4.0\System.Drawing.dll" /FU"C:\Program Files (x86)\Reference Assemblies\Microsoft\Framework\.NETFramework\v4.0\System.Windows.Forms.dll" /FU"C:\Program Files (x86)\Reference Assemblies\Microsoft\Framework\.NETFramework\v4.0\System.Xml.dll" /analyze- /errorReport:prompt "Gulin OOP 2022.cpp" /clr:nostdlib 
         Gulin OOP 2022.cpp
         Для всех выходных данных обновления не требуется.
       CoreResGen:
         Отсутствуют ресурсы, устаревшие по отношению к файлам своих источников. Пропуск формирования ресурсов.
       ResourceCompile:
         Для всех выходных данных обновления не требуется.
       Link:
         C:\Program Files (x86)\Microsoft Visual Studio 10.0\VC\bin\link.exe /ERRORREPORT:PROMPT /OUT:"C:\Users\Алексей\Documents\GitHub\OOP_2022\Gulin OOP 2022\Debug\Gulin OOP 2022.exe" /INCREMENTAL /NOLOGO /ASSEMBLYRESOURCE:Debug\GulinOOP2022.Form1.resources /ASSEMBLYRESOURCE:Debug\GulinOOP2022.Orders_View.resources /MANIFEST /ManifestFile:"Debug\Gulin OOP 2022.exe.intermediate.manifest" /MANIFESTUAC:"level='asInvoker' uiAccess='false'" /DEBUG /PDB:"C:\Users\Алексей\Documents\GitHub\OOP_2022\Gulin OOP 2022\Debug\Gulin OOP 2022.pdb" /ASSEMBLYDEBUG /SUBSYSTEM:WINDOWS /TLBID:1 /ENTRY:"main" /DYNAMICBASE /FIXED:NO /NXCOMPAT /MACHINE:X86 Debug\app.res
         Debug\AssemblyInfo.obj
         "Debug\Gulin OOP 2022.obj"
         Debug\Orders_View.obj
         Debug\stdafx.obj
         "Debug\.NETFramework,Version=v4.0.AssemblyAttributes.obj"
         Gulin OOP 2022.vcxproj -> C:\Users\Алексей\Documents\GitHub\OOP_2022\Gulin OOP 2022\Debug\Gulin OOP 2022.exe
       Manifest:
         C:\Program Files (x86)\Microsoft SDKs\Windows\v7.0A\bin\mt.exe /nologo /verbose /outputresource:"C:\Users\Алексей\Documents\GitHub\OOP_2022\Gulin OOP 2022\Debug\Gulin OOP 2022.exe;#1" /manifest "Debug\Gulin OOP 2022.exe.intermediate.manifest"
       FinalizeBuildStatus:
         Файл "Debug\Gulin OOP 2022.unsuccessfulbuild" удаляется.
         Обращение к "Debug\Gulin OOP 2022.lastbuildstate".
     1>Построение проекта "C:\Users\Алексей\Documents\GitHub\OOP_2022\Gulin OOP 2022\Gulin OOP 2022.vcxproj" завершено (целевые объекты build).

Построение успешно завершено.

Затраченное время: 00:00:02.24
